...found 1 target...
...found 8 targets...
...updating 4 targets...
darwin.compile.c++ ios-build/boost/architecture/darwin-arm64/debug/target-os-iphone/32.o
libs/config/checks/architecture/32.cpp:9:10: error: 'test' declared as an array with a negative size
int test[sizeof(void*) == 4? 1 : -1];
         ^~~~~~~~~~~~~~~~~~~~~~~~~~
1 error generated.

    "/Applications/Xcode.app/Contents/Developer/Toolchains/XcodeDefault.xctoolchain/usr/bin/clang++"   -fPIC -O0 -fno-inline -Wall -g -dynamic -gdwarf-2 -fexceptions -isysroot /Applications/Xcode.app/Contents/Developer/Platforms/iPhoneOS.platform/Developer/SDKs/iPhoneOS12.2.sdk -arch arm64 -fexceptions -frtti -fpic -DBOOST_SP_USE_SPINLOCK -std=c++11 -stdlib=libc++ -miphoneos-version-min=10.2 -fvisibility=hidden -fvisibility-inlines-hidden -O2 -g -Os -Wno-long-long -Wno-missing-field-initializers -Wno-unused-variable     -c -o "ios-build/boost/architecture/darwin-arm64/debug/target-os-iphone/32.o" "libs/config/checks/architecture/32.cpp"

...failed darwin.compile.c++ ios-build/boost/architecture/darwin-arm64/debug/target-os-iphone/32.o...
...failed updating 1 target...
...updated 3 targets...
...found 2 targets...
...updating 1 target...
darwin.compile.c++ ios-build/boost/architecture/darwin-arm64/debug/target-os-iphone/64.o
...updated 1 target...
...found 2 targets...
...updating 1 target...
darwin.compile.c++ ios-build/boost/architecture/darwin-arm64/debug/target-os-iphone/arm.o
...updated 1 target...
...found 14 targets...
...updating 7 targets...
darwin.compile.c++ ios-build/boost/bin.v2/standalone/ac/darwin-arm64/release/link-static/target-os-iphone/threading-multi/visibility-hidden/bzlib_h.o
...updated 7 targets...
...found 5 targets...
...updating 2 targets...
darwin.compile.c++ ios-build/boost/bin.v2/standalone/ac/darwin-arm64/release/link-static/target-os-iphone/threading-multi/visibility-hidden/main-bz2.o
darwin.link ios-build/boost/bin.v2/standalone/ac/darwin-arm64/release/link-static/target-os-iphone/threading-multi/visibility-hidden/bz2
ld: library not found for -lrt
clang: error: linker command failed with exit code 1 (use -v to see invocation)

    "/Applications/Xcode.app/Contents/Developer/Toolchains/XcodeDefault.xctoolchain/usr/bin/clang++"  -o "ios-build/boost/bin.v2/standalone/ac/darwin-arm64/release/link-static/target-os-iphone/threading-multi/visibility-hidden/bz2" "ios-build/boost/bin.v2/standalone/ac/darwin-arm64/release/link-static/target-os-iphone/threading-multi/visibility-hidden/main-bz2.o"   -lrt -lbz2   -pthread -fvisibility=hidden -fvisibility-inlines-hidden -Wl,-dead_strip -no_dead_strip_inits_and_terms -stdlib=libc++ -arch arm64 
       

...failed darwin.link ios-build/boost/bin.v2/standalone/ac/darwin-arm64/release/link-static/target-os-iphone/threading-multi/visibility-hidden/bz2...
...failed updating 1 target...
...updated 1 target...
...found 5 targets...
...updating 5 targets...
darwin.compile.c++ ios-build/boost/bin.v2/standalone/ac/darwin-arm64/release/target-os-iphone/threading-multi/visibility-hidden/main-bz2.o
darwin.link ios-build/boost/bin.v2/standalone/ac/darwin-arm64/release/target-os-iphone/threading-multi/visibility-hidden/bz2
ld: library not found for -lrt
clang: error: linker command failed with exit code 1 (use -v to see invocation)

    "/Applications/Xcode.app/Contents/Developer/Toolchains/XcodeDefault.xctoolchain/usr/bin/clang++"  -o "ios-build/boost/bin.v2/standalone/ac/darwin-arm64/release/target-os-iphone/threading-multi/visibility-hidden/bz2" "ios-build/boost/bin.v2/standalone/ac/darwin-arm64/release/target-os-iphone/threading-multi/visibility-hidden/main-bz2.o"   -lrt -lbz2    -fPIC -pthread -fvisibility=hidden -fvisibility-inlines-hidden -Wl,-dead_strip -no_dead_strip_inits_and_terms -stdlib=libc++ -arch arm64 
       

...failed darwin.link ios-build/boost/bin.v2/standalone/ac/darwin-arm64/release/target-os-iphone/threading-multi/visibility-hidden/bz2...
...failed updating 1 target...
...updated 4 targets...
...found 5 targets...
...updating 1 target...
darwin.compile.c++ ios-build/boost/bin.v2/standalone/ac/darwin-arm64/release/link-static/target-os-iphone/threading-multi/visibility-hidden/lzma_h.o
ios-build/boost/bin.v2/standalone/ac/lzma_h.cpp:1:10: fatal error: 'lzma.h' file not found
#include <lzma.h>
         ^~~~~~~~
1 error generated.

    "/Applications/Xcode.app/Contents/Developer/Toolchains/XcodeDefault.xctoolchain/usr/bin/clang++"   -fvisibility-inlines-hidden -pthread -O3 -Wall -fvisibility=hidden -gdwarf-2 -fexceptions -isysroot /Applications/Xcode.app/Contents/Developer/Platforms/iPhoneOS.platform/Developer/SDKs/iPhoneOS12.2.sdk -arch arm64 -fexceptions -frtti -fpic -DBOOST_SP_USE_SPINLOCK -std=c++11 -stdlib=libc++ -miphoneos-version-min=10.2 -fvisibility=hidden -fvisibility-inlines-hidden -O2 -g -Os -Wno-long-long -Wno-missing-field-initializers -Wno-unused-variable -Wno-inline  -DNDEBUG   -c -o "ios-build/boost/bin.v2/standalone/ac/darwin-arm64/release/link-static/target-os-iphone/threading-multi/visibility-hidden/lzma_h.o" "ios-build/boost/bin.v2/standalone/ac/lzma_h.cpp"

...failed darwin.compile.c++ ios-build/boost/bin.v2/standalone/ac/darwin-arm64/release/link-static/target-os-iphone/threading-multi/visibility-hidden/lzma_h.o...
...failed updating 1 target...
...found 5 targets...
...updating 2 targets...
darwin.compile.c++ ios-build/boost/bin.v2/standalone/ac/darwin-arm64/release/link-static/target-os-iphone/threading-multi/visibility-hidden/main-lzma.o
darwin.link ios-build/boost/bin.v2/standalone/ac/darwin-arm64/release/link-static/target-os-iphone/threading-multi/visibility-hidden/lzma
ld: library not found for -lrt
clang: error: linker command failed with exit code 1 (use -v to see invocation)

    "/Applications/Xcode.app/Contents/Developer/Toolchains/XcodeDefault.xctoolchain/usr/bin/clang++"  -o "ios-build/boost/bin.v2/standalone/ac/darwin-arm64/release/link-static/target-os-iphone/threading-multi/visibility-hidden/lzma" "ios-build/boost/bin.v2/standalone/ac/darwin-arm64/release/link-static/target-os-iphone/threading-multi/visibility-hidden/main-lzma.o"   -lrt -llzma   -pthread -fvisibility=hidden -fvisibility-inlines-hidden -Wl,-dead_strip -no_dead_strip_inits_and_terms -stdlib=libc++ -arch arm64 
       

...failed darwin.link ios-build/boost/bin.v2/standalone/ac/darwin-arm64/release/link-static/target-os-iphone/threading-multi/visibility-hidden/lzma...
...failed updating 1 target...
...updated 1 target...
...found 5 targets...
...updating 2 targets...
darwin.compile.c++ ios-build/boost/bin.v2/standalone/ac/darwin-arm64/release/link-static/target-os-iphone/threading-multi/visibility-hidden/main-liblzma.o
darwin.link ios-build/boost/bin.v2/standalone/ac/darwin-arm64/release/link-static/target-os-iphone/threading-multi/visibility-hidden/liblzma
ld: library not found for -lrt
clang: error: linker command failed with exit code 1 (use -v to see invocation)

    "/Applications/Xcode.app/Contents/Developer/Toolchains/XcodeDefault.xctoolchain/usr/bin/clang++"  -o "ios-build/boost/bin.v2/standalone/ac/darwin-arm64/release/link-static/target-os-iphone/threading-multi/visibility-hidden/liblzma" "ios-build/boost/bin.v2/standalone/ac/darwin-arm64/release/link-static/target-os-iphone/threading-multi/visibility-hidden/main-liblzma.o"   -lrt -lliblzma   -pthread -fvisibility=hidden -fvisibility-inlines-hidden -Wl,-dead_strip -no_dead_strip_inits_and_terms -stdlib=libc++ -arch arm64 
       

...failed darwin.link ios-build/boost/bin.v2/standalone/ac/darwin-arm64/release/link-static/target-os-iphone/threading-multi/visibility-hidden/liblzma...
...failed updating 1 target...
...updated 1 target...
...found 2 targets...
...updating 2 targets...
darwin.compile.c++ ios-build/boost/bin.v2/standalone/ac/darwin-arm64/release/target-os-iphone/threading-multi/visibility-hidden/main-lzma.o
darwin.link ios-build/boost/bin.v2/standalone/ac/darwin-arm64/release/target-os-iphone/threading-multi/visibility-hidden/lzma
ld: library not found for -lrt
clang: error: linker command failed with exit code 1 (use -v to see invocation)

    "/Applications/Xcode.app/Contents/Developer/Toolchains/XcodeDefault.xctoolchain/usr/bin/clang++"  -o "ios-build/boost/bin.v2/standalone/ac/darwin-arm64/release/target-os-iphone/threading-multi/visibility-hidden/lzma" "ios-build/boost/bin.v2/standalone/ac/darwin-arm64/release/target-os-iphone/threading-multi/visibility-hidden/main-lzma.o"   -lrt -llzma    -fPIC -pthread -fvisibility=hidden -fvisibility-inlines-hidden -Wl,-dead_strip -no_dead_strip_inits_and_terms -stdlib=libc++ -arch arm64 
       

...failed darwin.link ios-build/boost/bin.v2/standalone/ac/darwin-arm64/release/target-os-iphone/threading-multi/visibility-hidden/lzma...
...failed updating 1 target...
...updated 1 target...
...found 2 targets...
...updating 2 targets...
darwin.compile.c++ ios-build/boost/bin.v2/standalone/ac/darwin-arm64/release/target-os-iphone/threading-multi/visibility-hidden/main-liblzma.o
darwin.link ios-build/boost/bin.v2/standalone/ac/darwin-arm64/release/target-os-iphone/threading-multi/visibility-hidden/liblzma
ld: library not found for -lrt
clang: error: linker command failed with exit code 1 (use -v to see invocation)

    "/Applications/Xcode.app/Contents/Developer/Toolchains/XcodeDefault.xctoolchain/usr/bin/clang++"  -o "ios-build/boost/bin.v2/standalone/ac/darwin-arm64/release/target-os-iphone/threading-multi/visibility-hidden/liblzma" "ios-build/boost/bin.v2/standalone/ac/darwin-arm64/release/target-os-iphone/threading-multi/visibility-hidden/main-liblzma.o"   -lrt -lliblzma    -fPIC -pthread -fvisibility=hidden -fvisibility-inlines-hidden -Wl,-dead_strip -no_dead_strip_inits_and_terms -stdlib=libc++ -arch arm64 
       

...failed darwin.link ios-build/boost/bin.v2/standalone/ac/darwin-arm64/release/target-os-iphone/threading-multi/visibility-hidden/liblzma...
...failed updating 1 target...
...updated 1 target...
...found 5 targets...
...updating 1 target...
darwin.compile.c++ ios-build/boost/bin.v2/standalone/ac/darwin-arm64/release/link-static/target-os-iphone/threading-multi/visibility-hidden/zstd_h.o
ios-build/boost/bin.v2/standalone/ac/zstd_h.cpp:1:10: fatal error: 'zstd.h' file not found
#include <zstd.h>
         ^~~~~~~~
1 error generated.

    "/Applications/Xcode.app/Contents/Developer/Toolchains/XcodeDefault.xctoolchain/usr/bin/clang++"   -fvisibility-inlines-hidden -pthread -O3 -Wall -fvisibility=hidden -gdwarf-2 -fexceptions -isysroot /Applications/Xcode.app/Contents/Developer/Platforms/iPhoneOS.platform/Developer/SDKs/iPhoneOS12.2.sdk -arch arm64 -fexceptions -frtti -fpic -DBOOST_SP_USE_SPINLOCK -std=c++11 -stdlib=libc++ -miphoneos-version-min=10.2 -fvisibility=hidden -fvisibility-inlines-hidden -O2 -g -Os -Wno-long-long -Wno-missing-field-initializers -Wno-unused-variable -Wno-inline  -DNDEBUG   -c -o "ios-build/boost/bin.v2/standalone/ac/darwin-arm64/release/link-static/target-os-iphone/threading-multi/visibility-hidden/zstd_h.o" "ios-build/boost/bin.v2/standalone/ac/zstd_h.cpp"

...failed darwin.compile.c++ ios-build/boost/bin.v2/standalone/ac/darwin-arm64/release/link-static/target-os-iphone/threading-multi/visibility-hidden/zstd_h.o...
...failed updating 1 target...
...found 5 targets...
...updating 2 targets...
darwin.compile.c++ ios-build/boost/bin.v2/standalone/ac/darwin-arm64/release/link-static/target-os-iphone/threading-multi/visibility-hidden/main-zstd.o
darwin.link ios-build/boost/bin.v2/standalone/ac/darwin-arm64/release/link-static/target-os-iphone/threading-multi/visibility-hidden/zstd
ld: library not found for -lrt
clang: error: linker command failed with exit code 1 (use -v to see invocation)

    "/Applications/Xcode.app/Contents/Developer/Toolchains/XcodeDefault.xctoolchain/usr/bin/clang++"  -o "ios-build/boost/bin.v2/standalone/ac/darwin-arm64/release/link-static/target-os-iphone/threading-multi/visibility-hidden/zstd" "ios-build/boost/bin.v2/standalone/ac/darwin-arm64/release/link-static/target-os-iphone/threading-multi/visibility-hidden/main-zstd.o"   -lrt -lzstd   -pthread -fvisibility=hidden -fvisibility-inlines-hidden -Wl,-dead_strip -no_dead_strip_inits_and_terms -stdlib=libc++ -arch arm64 
       

...failed darwin.link ios-build/boost/bin.v2/standalone/ac/darwin-arm64/release/link-static/target-os-iphone/threading-multi/visibility-hidden/zstd...
...failed updating 1 target...
...updated 1 target...
...found 5 targets...
...updating 2 targets...
darwin.compile.c++ ios-build/boost/bin.v2/standalone/ac/darwin-arm64/release/link-static/target-os-iphone/threading-multi/visibility-hidden/main-zstd_static.o
darwin.link ios-build/boost/bin.v2/standalone/ac/darwin-arm64/release/link-static/target-os-iphone/threading-multi/visibility-hidden/zstd_static
ld: library not found for -lrt
clang: error: linker command failed with exit code 1 (use -v to see invocation)

    "/Applications/Xcode.app/Contents/Developer/Toolchains/XcodeDefault.xctoolchain/usr/bin/clang++"  -o "ios-build/boost/bin.v2/standalone/ac/darwin-arm64/release/link-static/target-os-iphone/threading-multi/visibility-hidden/zstd_static" "ios-build/boost/bin.v2/standalone/ac/darwin-arm64/release/link-static/target-os-iphone/threading-multi/visibility-hidden/main-zstd_static.o"   -lrt -lzstd_static   -pthread -fvisibility=hidden -fvisibility-inlines-hidden -Wl,-dead_strip -no_dead_strip_inits_and_terms -stdlib=libc++ -arch arm64 
       

...failed darwin.link ios-build/boost/bin.v2/standalone/ac/darwin-arm64/release/link-static/target-os-iphone/threading-multi/visibility-hidden/zstd_static...
...failed updating 1 target...
...updated 1 target...
...found 5 targets...
...updating 2 targets...
darwin.compile.c++ ios-build/boost/bin.v2/standalone/ac/darwin-arm64/release/link-static/target-os-iphone/threading-multi/visibility-hidden/main-libzstd.o
darwin.link ios-build/boost/bin.v2/standalone/ac/darwin-arm64/release/link-static/target-os-iphone/threading-multi/visibility-hidden/libzstd
ld: library not found for -lrt
clang: error: linker command failed with exit code 1 (use -v to see invocation)

    "/Applications/Xcode.app/Contents/Developer/Toolchains/XcodeDefault.xctoolchain/usr/bin/clang++"  -o "ios-build/boost/bin.v2/standalone/ac/darwin-arm64/release/link-static/target-os-iphone/threading-multi/visibility-hidden/libzstd" "ios-build/boost/bin.v2/standalone/ac/darwin-arm64/release/link-static/target-os-iphone/threading-multi/visibility-hidden/main-libzstd.o"   -lrt -llibzstd   -pthread -fvisibility=hidden -fvisibility-inlines-hidden -Wl,-dead_strip -no_dead_strip_inits_and_terms -stdlib=libc++ -arch arm64 
       

...failed darwin.link ios-build/boost/bin.v2/standalone/ac/darwin-arm64/release/link-static/target-os-iphone/threading-multi/visibility-hidden/libzstd...
...failed updating 1 target...
...updated 1 target...
...found 5 targets...
...updating 2 targets...
darwin.compile.c++ ios-build/boost/bin.v2/standalone/ac/darwin-arm64/release/link-static/target-os-iphone/threading-multi/visibility-hidden/main-libzstd_static.o
darwin.link ios-build/boost/bin.v2/standalone/ac/darwin-arm64/release/link-static/target-os-iphone/threading-multi/visibility-hidden/libzstd_static
ld: library not found for -lrt
clang: error: linker command failed with exit code 1 (use -v to see invocation)

    "/Applications/Xcode.app/Contents/Developer/Toolchains/XcodeDefault.xctoolchain/usr/bin/clang++"  -o "ios-build/boost/bin.v2/standalone/ac/darwin-arm64/release/link-static/target-os-iphone/threading-multi/visibility-hidden/libzstd_static" "ios-build/boost/bin.v2/standalone/ac/darwin-arm64/release/link-static/target-os-iphone/threading-multi/visibility-hidden/main-libzstd_static.o"   -lrt -llibzstd_static   -pthread -fvisibility=hidden -fvisibility-inlines-hidden -Wl,-dead_strip -no_dead_strip_inits_and_terms -stdlib=libc++ -arch arm64 
       

...failed darwin.link ios-build/boost/bin.v2/standalone/ac/darwin-arm64/release/link-static/target-os-iphone/threading-multi/visibility-hidden/libzstd_static...
...failed updating 1 target...
...updated 1 target...
...found 2 targets...
...updating 2 targets...
darwin.compile.c++ ios-build/boost/bin.v2/standalone/ac/darwin-arm64/release/target-os-iphone/threading-multi/visibility-hidden/main-zstd.o
darwin.link ios-build/boost/bin.v2/standalone/ac/darwin-arm64/release/target-os-iphone/threading-multi/visibility-hidden/zstd
ld: library not found for -lrt
clang: error: linker command failed with exit code 1 (use -v to see invocation)

    "/Applications/Xcode.app/Contents/Developer/Toolchains/XcodeDefault.xctoolchain/usr/bin/clang++"  -o "ios-build/boost/bin.v2/standalone/ac/darwin-arm64/release/target-os-iphone/threading-multi/visibility-hidden/zstd" "ios-build/boost/bin.v2/standalone/ac/darwin-arm64/release/target-os-iphone/threading-multi/visibility-hidden/main-zstd.o"   -lrt -lzstd    -fPIC -pthread -fvisibility=hidden -fvisibility-inlines-hidden -Wl,-dead_strip -no_dead_strip_inits_and_terms -stdlib=libc++ -arch arm64 
       

...failed darwin.link ios-build/boost/bin.v2/standalone/ac/darwin-arm64/release/target-os-iphone/threading-multi/visibility-hidden/zstd...
...failed updating 1 target...
...updated 1 target...
...found 2 targets...
...updating 2 targets...
darwin.compile.c++ ios-build/boost/bin.v2/standalone/ac/darwin-arm64/release/target-os-iphone/threading-multi/visibility-hidden/main-zstd_static.o
darwin.link ios-build/boost/bin.v2/standalone/ac/darwin-arm64/release/target-os-iphone/threading-multi/visibility-hidden/zstd_static
ld: library not found for -lrt
clang: error: linker command failed with exit code 1 (use -v to see invocation)

    "/Applications/Xcode.app/Contents/Developer/Toolchains/XcodeDefault.xctoolchain/usr/bin/clang++"  -o "ios-build/boost/bin.v2/standalone/ac/darwin-arm64/release/target-os-iphone/threading-multi/visibility-hidden/zstd_static" "ios-build/boost/bin.v2/standalone/ac/darwin-arm64/release/target-os-iphone/threading-multi/visibility-hidden/main-zstd_static.o"   -lrt -lzstd_static    -fPIC -pthread -fvisibility=hidden -fvisibility-inlines-hidden -Wl,-dead_strip -no_dead_strip_inits_and_terms -stdlib=libc++ -arch arm64 
       

...failed darwin.link ios-build/boost/bin.v2/standalone/ac/darwin-arm64/release/target-os-iphone/threading-multi/visibility-hidden/zstd_static...
...failed updating 1 target...
...updated 1 target...
...found 2 targets...
...updating 2 targets...
darwin.compile.c++ ios-build/boost/bin.v2/standalone/ac/darwin-arm64/release/target-os-iphone/threading-multi/visibility-hidden/main-libzstd.o
darwin.link ios-build/boost/bin.v2/standalone/ac/darwin-arm64/release/target-os-iphone/threading-multi/visibility-hidden/libzstd
ld: library not found for -lrt
clang: error: linker command failed with exit code 1 (use -v to see invocation)

    "/Applications/Xcode.app/Contents/Developer/Toolchains/XcodeDefault.xctoolchain/usr/bin/clang++"  -o "ios-build/boost/bin.v2/standalone/ac/darwin-arm64/release/target-os-iphone/threading-multi/visibility-hidden/libzstd" "ios-build/boost/bin.v2/standalone/ac/darwin-arm64/release/target-os-iphone/threading-multi/visibility-hidden/main-libzstd.o"   -lrt -llibzstd    -fPIC -pthread -fvisibility=hidden -fvisibility-inlines-hidden -Wl,-dead_strip -no_dead_strip_inits_and_terms -stdlib=libc++ -arch arm64 
       

...failed darwin.link ios-build/boost/bin.v2/standalone/ac/darwin-arm64/release/target-os-iphone/threading-multi/visibility-hidden/libzstd...
...failed updating 1 target...
...updated 1 target...
...found 2 targets...
...updating 2 targets...
darwin.compile.c++ ios-build/boost/bin.v2/standalone/ac/darwin-arm64/release/target-os-iphone/threading-multi/visibility-hidden/main-libzstd_static.o
darwin.link ios-build/boost/bin.v2/standalone/ac/darwin-arm64/release/target-os-iphone/threading-multi/visibility-hidden/libzstd_static
ld: library not found for -lrt
clang: error: linker command failed with exit code 1 (use -v to see invocation)

    "/Applications/Xcode.app/Contents/Developer/Toolchains/XcodeDefault.xctoolchain/usr/bin/clang++"  -o "ios-build/boost/bin.v2/standalone/ac/darwin-arm64/release/target-os-iphone/threading-multi/visibility-hidden/libzstd_static" "ios-build/boost/bin.v2/standalone/ac/darwin-arm64/release/target-os-iphone/threading-multi/visibility-hidden/main-libzstd_static.o"   -lrt -llibzstd_static    -fPIC -pthread -fvisibility=hidden -fvisibility-inlines-hidden -Wl,-dead_strip -no_dead_strip_inits_and_terms -stdlib=libc++ -arch arm64 
       

...failed darwin.link ios-build/boost/bin.v2/standalone/ac/darwin-arm64/release/target-os-iphone/threading-multi/visibility-hidden/libzstd_static...
...failed updating 1 target...
...updated 1 target...
...found 5 targets...
...updating 1 target...
darwin.compile.c++ ios-build/boost/bin.v2/standalone/ac/darwin-arm64/release/link-static/target-os-iphone/threading-multi/visibility-hidden/zlib_h.o
...updated 1 target...
...found 5 targets...
...updating 2 targets...
darwin.compile.c++ ios-build/boost/bin.v2/standalone/ac/darwin-arm64/release/link-static/target-os-iphone/threading-multi/visibility-hidden/main-z.o
darwin.link ios-build/boost/bin.v2/standalone/ac/darwin-arm64/release/link-static/target-os-iphone/threading-multi/visibility-hidden/z
ld: library not found for -lrt
clang: error: linker command failed with exit code 1 (use -v to see invocation)

    "/Applications/Xcode.app/Contents/Developer/Toolchains/XcodeDefault.xctoolchain/usr/bin/clang++"  -o "ios-build/boost/bin.v2/standalone/ac/darwin-arm64/release/link-static/target-os-iphone/threading-multi/visibility-hidden/z" "ios-build/boost/bin.v2/standalone/ac/darwin-arm64/release/link-static/target-os-iphone/threading-multi/visibility-hidden/main-z.o"   -lrt -lz   -pthread -fvisibility=hidden -fvisibility-inlines-hidden -Wl,-dead_strip -no_dead_strip_inits_and_terms -stdlib=libc++ -arch arm64 
       

...failed darwin.link ios-build/boost/bin.v2/standalone/ac/darwin-arm64/release/link-static/target-os-iphone/threading-multi/visibility-hidden/z...
...failed updating 1 target...
...updated 1 target...
...found 5 targets...
...updating 2 targets...
darwin.compile.c++ ios-build/boost/bin.v2/standalone/ac/darwin-arm64/release/link-static/target-os-iphone/threading-multi/visibility-hidden/main-zlib.o
darwin.link ios-build/boost/bin.v2/standalone/ac/darwin-arm64/release/link-static/target-os-iphone/threading-multi/visibility-hidden/zlib
ld: library not found for -lrt
clang: error: linker command failed with exit code 1 (use -v to see invocation)

    "/Applications/Xcode.app/Contents/Developer/Toolchains/XcodeDefault.xctoolchain/usr/bin/clang++"  -o "ios-build/boost/bin.v2/standalone/ac/darwin-arm64/release/link-static/target-os-iphone/threading-multi/visibility-hidden/zlib" "ios-build/boost/bin.v2/standalone/ac/darwin-arm64/release/link-static/target-os-iphone/threading-multi/visibility-hidden/main-zlib.o"   -lrt -lzlib   -pthread -fvisibility=hidden -fvisibility-inlines-hidden -Wl,-dead_strip -no_dead_strip_inits_and_terms -stdlib=libc++ -arch arm64 
       

...failed darwin.link ios-build/boost/bin.v2/standalone/ac/darwin-arm64/release/link-static/target-os-iphone/threading-multi/visibility-hidden/zlib...
...failed updating 1 target...
...updated 1 target...
...found 5 targets...
...updating 2 targets...
darwin.compile.c++ ios-build/boost/bin.v2/standalone/ac/darwin-arm64/release/link-static/target-os-iphone/threading-multi/visibility-hidden/main-zll.o
darwin.link ios-build/boost/bin.v2/standalone/ac/darwin-arm64/release/link-static/target-os-iphone/threading-multi/visibility-hidden/zll
ld: library not found for -lrt
clang: error: linker command failed with exit code 1 (use -v to see invocation)

    "/Applications/Xcode.app/Contents/Developer/Toolchains/XcodeDefault.xctoolchain/usr/bin/clang++"  -o "ios-build/boost/bin.v2/standalone/ac/darwin-arm64/release/link-static/target-os-iphone/threading-multi/visibility-hidden/zll" "ios-build/boost/bin.v2/standalone/ac/darwin-arm64/release/link-static/target-os-iphone/threading-multi/visibility-hidden/main-zll.o"   -lrt -lzll   -pthread -fvisibility=hidden -fvisibility-inlines-hidden -Wl,-dead_strip -no_dead_strip_inits_and_terms -stdlib=libc++ -arch arm64 
       

...failed darwin.link ios-build/boost/bin.v2/standalone/ac/darwin-arm64/release/link-static/target-os-iphone/threading-multi/visibility-hidden/zll...
...failed updating 1 target...
...updated 1 target...
...found 5 targets...
...updating 2 targets...
darwin.compile.c++ ios-build/boost/bin.v2/standalone/ac/darwin-arm64/release/link-static/target-os-iphone/threading-multi/visibility-hidden/main-zdll.o
darwin.link ios-build/boost/bin.v2/standalone/ac/darwin-arm64/release/link-static/target-os-iphone/threading-multi/visibility-hidden/zdll
ld: library not found for -lrt
clang: error: linker command failed with exit code 1 (use -v to see invocation)

    "/Applications/Xcode.app/Contents/Developer/Toolchains/XcodeDefault.xctoolchain/usr/bin/clang++"  -o "ios-build/boost/bin.v2/standalone/ac/darwin-arm64/release/link-static/target-os-iphone/threading-multi/visibility-hidden/zdll" "ios-build/boost/bin.v2/standalone/ac/darwin-arm64/release/link-static/target-os-iphone/threading-multi/visibility-hidden/main-zdll.o"   -lrt -lzdll   -pthread -fvisibility=hidden -fvisibility-inlines-hidden -Wl,-dead_strip -no_dead_strip_inits_and_terms -stdlib=libc++ -arch arm64 
       

...failed darwin.link ios-build/boost/bin.v2/standalone/ac/darwin-arm64/release/link-static/target-os-iphone/threading-multi/visibility-hidden/zdll...
...failed updating 1 target...
...updated 1 target...
...found 2 targets...
...updating 2 targets...
darwin.compile.c++ ios-build/boost/bin.v2/standalone/ac/darwin-arm64/release/target-os-iphone/threading-multi/visibility-hidden/main-z.o
darwin.link ios-build/boost/bin.v2/standalone/ac/darwin-arm64/release/target-os-iphone/threading-multi/visibility-hidden/z
ld: library not found for -lrt
clang: error: linker command failed with exit code 1 (use -v to see invocation)

    "/Applications/Xcode.app/Contents/Developer/Toolchains/XcodeDefault.xctoolchain/usr/bin/clang++"  -o "ios-build/boost/bin.v2/standalone/ac/darwin-arm64/release/target-os-iphone/threading-multi/visibility-hidden/z" "ios-build/boost/bin.v2/standalone/ac/darwin-arm64/release/target-os-iphone/threading-multi/visibility-hidden/main-z.o"   -lrt -lz    -fPIC -pthread -fvisibility=hidden -fvisibility-inlines-hidden -Wl,-dead_strip -no_dead_strip_inits_and_terms -stdlib=libc++ -arch arm64 
       

...failed darwin.link ios-build/boost/bin.v2/standalone/ac/darwin-arm64/release/target-os-iphone/threading-multi/visibility-hidden/z...
...failed updating 1 target...
...updated 1 target...
...found 2 targets...
...updating 2 targets...
darwin.compile.c++ ios-build/boost/bin.v2/standalone/ac/darwin-arm64/release/target-os-iphone/threading-multi/visibility-hidden/main-zlib.o
darwin.link ios-build/boost/bin.v2/standalone/ac/darwin-arm64/release/target-os-iphone/threading-multi/visibility-hidden/zlib
ld: library not found for -lrt
clang: error: linker command failed with exit code 1 (use -v to see invocation)

    "/Applications/Xcode.app/Contents/Developer/Toolchains/XcodeDefault.xctoolchain/usr/bin/clang++"  -o "ios-build/boost/bin.v2/standalone/ac/darwin-arm64/release/target-os-iphone/threading-multi/visibility-hidden/zlib" "ios-build/boost/bin.v2/standalone/ac/darwin-arm64/release/target-os-iphone/threading-multi/visibility-hidden/main-zlib.o"   -lrt -lzlib    -fPIC -pthread -fvisibility=hidden -fvisibility-inlines-hidden -Wl,-dead_strip -no_dead_strip_inits_and_terms -stdlib=libc++ -arch arm64 
       

...failed darwin.link ios-build/boost/bin.v2/standalone/ac/darwin-arm64/release/target-os-iphone/threading-multi/visibility-hidden/zlib...
...failed updating 1 target...
...updated 1 target...
...found 2 targets...
...updating 2 targets...
darwin.compile.c++ ios-build/boost/bin.v2/standalone/ac/darwin-arm64/release/target-os-iphone/threading-multi/visibility-hidden/main-zll.o
darwin.link ios-build/boost/bin.v2/standalone/ac/darwin-arm64/release/target-os-iphone/threading-multi/visibility-hidden/zll
ld: library not found for -lrt
clang: error: linker command failed with exit code 1 (use -v to see invocation)

    "/Applications/Xcode.app/Contents/Developer/Toolchains/XcodeDefault.xctoolchain/usr/bin/clang++"  -o "ios-build/boost/bin.v2/standalone/ac/darwin-arm64/release/target-os-iphone/threading-multi/visibility-hidden/zll" "ios-build/boost/bin.v2/standalone/ac/darwin-arm64/release/target-os-iphone/threading-multi/visibility-hidden/main-zll.o"   -lrt -lzll    -fPIC -pthread -fvisibility=hidden -fvisibility-inlines-hidden -Wl,-dead_strip -no_dead_strip_inits_and_terms -stdlib=libc++ -arch arm64 
       

...failed darwin.link ios-build/boost/bin.v2/standalone/ac/darwin-arm64/release/target-os-iphone/threading-multi/visibility-hidden/zll...
...failed updating 1 target...
...updated 1 target...
...found 2 targets...
...updating 2 targets...
darwin.compile.c++ ios-build/boost/bin.v2/standalone/ac/darwin-arm64/release/target-os-iphone/threading-multi/visibility-hidden/main-zdll.o
darwin.link ios-build/boost/bin.v2/standalone/ac/darwin-arm64/release/target-os-iphone/threading-multi/visibility-hidden/zdll
ld: library not found for -lrt
clang: error: linker command failed with exit code 1 (use -v to see invocation)

    "/Applications/Xcode.app/Contents/Developer/Toolchains/XcodeDefault.xctoolchain/usr/bin/clang++"  -o "ios-build/boost/bin.v2/standalone/ac/darwin-arm64/release/target-os-iphone/threading-multi/visibility-hidden/zdll" "ios-build/boost/bin.v2/standalone/ac/darwin-arm64/release/target-os-iphone/threading-multi/visibility-hidden/main-zdll.o"   -lrt -lzdll    -fPIC -pthread -fvisibility=hidden -fvisibility-inlines-hidden -Wl,-dead_strip -no_dead_strip_inits_and_terms -stdlib=libc++ -arch arm64 
       

...failed darwin.link ios-build/boost/bin.v2/standalone/ac/darwin-arm64/release/target-os-iphone/threading-multi/visibility-hidden/zdll...
...failed updating 1 target...
...updated 1 target...
...found 127 targets...
...updating 7 targets...
darwin.compile.c++ ios-build/boost/bin.v2/libs/regex/build/darwin-arm64/debug/target-os-iphone/visibility-hidden/has_icu_test.o
libs/regex/build/has_icu_test.cpp:15:10: fatal error: 'unicode/coll.h' file not found
#include <unicode/coll.h>
         ^~~~~~~~~~~~~~~~
1 error generated.

    "/Applications/Xcode.app/Contents/Developer/Toolchains/XcodeDefault.xctoolchain/usr/bin/clang++"   -fvisibility-inlines-hidden -fPIC -O0 -fno-inline -Wall -pedantic -g -fvisibility=hidden -dynamic -gdwarf-2 -fexceptions -isysroot /Applications/Xcode.app/Contents/Developer/Platforms/iPhoneOS.platform/Developer/SDKs/iPhoneOS12.2.sdk -arch arm64 -fexceptions -frtti -fpic -DBOOST_SP_USE_SPINLOCK -std=c++11 -stdlib=libc++ -miphoneos-version-min=10.2 -fvisibility=hidden -fvisibility-inlines-hidden -O2 -g -Os -Wno-long-long -Wno-missing-field-initializers -Wno-unused-variable -Wno-long-long  -DBOOST_ALL_NO_LIB=1 -DBOOST_HAS_ICU=1  -I"." -c -o "ios-build/boost/bin.v2/libs/regex/build/darwin-arm64/debug/target-os-iphone/visibility-hidden/has_icu_test.o" "libs/regex/build/has_icu_test.cpp"

...failed darwin.compile.c++ ios-build/boost/bin.v2/libs/regex/build/darwin-arm64/debug/target-os-iphone/visibility-hidden/has_icu_test.o...
...skipped <pios-build/boost/bin.v2/libs/regex/build/darwin-arm64/debug/target-os-iphone/visibility-hidden>has_icu for lack of <pios-build/boost/bin.v2/libs/regex/build/darwin-arm64/debug/target-os-iphone/visibility-hidden>has_icu_test.o...
...skipped <pios-build/boost/bin.v2/libs/regex/build/darwin-arm64/debug/target-os-iphone/visibility-hidden>has_icu.passed for lack of <pios-build/boost/bin.v2/libs/regex/build/darwin-arm64/debug/target-os-iphone/visibility-hidden>has_icu...
...failed updating 1 target...
...skipped 2 targets...
...updated 4 targets...
...found 1 target...
...updating 1 target...
config-cache.write ios-build/boost/bin.v2/project-cache.jam
...updated 1 target...
